---------------------------------------------------------------
[2018-07-24T18:30:18+08:00] 127.0.0.1 GET /
[ info ] www.jb2c.com/ [运行时间：0.036541s][吞吐率：27.37req/s] [内存消耗：1,439.64kb] [文件加载：89]
[ info ] [ SESSION ] INIT array (
  'id' => '',
  'var_session_id' => '',
  'prefix' => 'jshop',
  'type' => '',
  'auto_start' => true,
  'httponly' => true,
  'secure' => false,
)
[ info ] [ BEHAVIOR ] Run Closure @app_init [ RunTime:0.003958s ]
[ info ] [ LANG ] /Users/apple/W/jshop_b2c/thinkphp/lang/zh-cn.php
[ info ] [ ROUTE ] array (
)
[ info ] [ HEADER ] array (
  'host' => 'www.jb2c.com',
  'connection' => 'keep-alive',
  'upgrade-insecure-requests' => '1',
  'user-agent' => 'Mozilla/5.0 (Macintosh; Intel Mac OS X 10_13_5) AppleWebKit/537.36 (KHTML, like Gecko) Chrome/67.0.3396.99 Safari/537.36',
  'accept' => 'text/html,application/xhtml+xml,application/xml;q=0.9,image/webp,image/apng,*/*;q=0.8',
  'accept-encoding' => 'gzip, deflate',
  'accept-language' => 'zh-CN,zh;q=0.9,en;q=0.8',
  'cookie' => 'PHPSESSID=8eed70516fb48d4959511065b4972630; redirect_url=%2Fseller%2Foperation_log%2Fgetlastlog.html',
)
[ info ] [ PARAM ] array (
)
[ info ] [ CACHE ] INIT File
[ info ] [ BEHAVIOR ] Run Closure @action_begin [ RunTime:0.005020s ]
[ info ] [ LOG ] INIT file
---------------------------------------------------------------
[2018-07-24T18:30:20+08:00] 127.0.0.1 GET /static/uploads/30/69/ac/5abf0a074b64f.jpg
[ info ] www.jb2c.com/static/uploads/30/69/ac/5abf0a074b64f.jpg [运行时间：0.065485s][吞吐率：15.27req/s] [内存消耗：888.96kb] [文件加载：78]
[ info ] [ SESSION ] INIT array (
  'id' => '',
  'var_session_id' => '',
  'prefix' => 'jshop',
  'type' => '',
  'auto_start' => true,
  'httponly' => true,
  'secure' => false,
)
[ info ] [ BEHAVIOR ] Run Closure @app_init [ RunTime:0.015884s ]
[ info ] [ LANG ] /Users/apple/W/jshop_b2c/thinkphp/lang/zh-cn.php
[ info ] [ ROUTE ] array (
)
[ info ] [ HEADER ] array (
  'host' => 'www.jb2c.com',
  'connection' => 'keep-alive',
  'user-agent' => 'Mozilla/5.0 (Macintosh; Intel Mac OS X 10_13_5) AppleWebKit/537.36 (KHTML, like Gecko) Chrome/67.0.3396.99 Safari/537.36',
  'accept' => 'image/webp,image/apng,image/*,*/*;q=0.8',
  'referer' => 'http://www.jb2c.com/wap/index.html',
  'accept-encoding' => 'gzip, deflate',
  'accept-language' => 'zh-CN,zh;q=0.9,en;q=0.8',
  'cookie' => 'PHPSESSID=8eed70516fb48d4959511065b4972630; redirect_url=%2Fseller%2Foperation_log%2Fgetlastlog.html',
)
[ info ] [ PARAM ] array (
)
[ info ] [ LOG ] INIT file
---------------------------------------------------------------
[2018-07-24T18:30:20+08:00] 127.0.0.1 GET /static/uploads/14/17/e9/5abf44c2b7d0a.jpg
[ info ] www.jb2c.com/static/uploads/14/17/e9/5abf44c2b7d0a.jpg [运行时间：0.066592s][吞吐率：15.02req/s] [内存消耗：888.96kb] [文件加载：78]
[ info ] [ SESSION ] INIT array (
  'id' => '',
  'var_session_id' => '',
  'prefix' => 'jshop',
  'type' => '',
  'auto_start' => true,
  'httponly' => true,
  'secure' => false,
)
[ info ] [ BEHAVIOR ] Run Closure @app_init [ RunTime:0.039191s ]
[ info ] [ LANG ] /Users/apple/W/jshop_b2c/thinkphp/lang/zh-cn.php
[ info ] [ ROUTE ] array (
)
[ info ] [ HEADER ] array (
  'host' => 'www.jb2c.com',
  'connection' => 'keep-alive',
  'user-agent' => 'Mozilla/5.0 (Macintosh; Intel Mac OS X 10_13_5) AppleWebKit/537.36 (KHTML, like Gecko) Chrome/67.0.3396.99 Safari/537.36',
  'accept' => 'image/webp,image/apng,image/*,*/*;q=0.8',
  'referer' => 'http://www.jb2c.com/wap/index.html',
  'accept-encoding' => 'gzip, deflate',
  'accept-language' => 'zh-CN,zh;q=0.9,en;q=0.8',
  'cookie' => 'PHPSESSID=8eed70516fb48d4959511065b4972630; redirect_url=%2Fseller%2Foperation_log%2Fgetlastlog.html',
)
[ info ] [ PARAM ] array (
)
[ info ] [ LOG ] INIT file
---------------------------------------------------------------
[2018-07-24T18:30:20+08:00] 127.0.0.1 GET /static/uploads/67/28/22/5abc9b4476007.jpg
[ info ] www.jb2c.com/static/uploads/67/28/22/5abc9b4476007.jpg [运行时间：0.083756s][吞吐率：11.94req/s] [内存消耗：888.96kb] [文件加载：78]
[ info ] [ SESSION ] INIT array (
  'id' => '',
  'var_session_id' => '',
  'prefix' => 'jshop',
  'type' => '',
  'auto_start' => true,
  'httponly' => true,
  'secure' => false,
)
[ info ] [ BEHAVIOR ] Run Closure @app_init [ RunTime:0.019574s ]
[ info ] [ LANG ] /Users/apple/W/jshop_b2c/thinkphp/lang/zh-cn.php
[ info ] [ ROUTE ] array (
)
[ info ] [ HEADER ] array (
  'host' => 'www.jb2c.com',
  'connection' => 'keep-alive',
  'user-agent' => 'Mozilla/5.0 (Macintosh; Intel Mac OS X 10_13_5) AppleWebKit/537.36 (KHTML, like Gecko) Chrome/67.0.3396.99 Safari/537.36',
  'accept' => 'image/webp,image/apng,image/*,*/*;q=0.8',
  'referer' => 'http://www.jb2c.com/wap/index.html',
  'accept-encoding' => 'gzip, deflate',
  'accept-language' => 'zh-CN,zh;q=0.9,en;q=0.8',
  'cookie' => 'PHPSESSID=8eed70516fb48d4959511065b4972630; redirect_url=%2Fseller%2Foperation_log%2Fgetlastlog.html',
)
[ info ] [ PARAM ] array (
)
[ info ] [ LOG ] INIT file
---------------------------------------------------------------
[2018-07-24T18:30:20+08:00] 127.0.0.1 GET /static/uploads/2d/97/4e/5abca3ee18f95.jpg
[ info ] www.jb2c.com/static/uploads/2d/97/4e/5abca3ee18f95.jpg [运行时间：0.083989s][吞吐率：11.91req/s] [内存消耗：888.96kb] [文件加载：78]
[ info ] [ SESSION ] INIT array (
  'id' => '',
  'var_session_id' => '',
  'prefix' => 'jshop',
  'type' => '',
  'auto_start' => true,
  'httponly' => true,
  'secure' => false,
)
[ info ] [ BEHAVIOR ] Run Closure @app_init [ RunTime:0.013841s ]
[ info ] [ LANG ] /Users/apple/W/jshop_b2c/thinkphp/lang/zh-cn.php
[ info ] [ ROUTE ] array (
)
[ info ] [ HEADER ] array (
  'host' => 'www.jb2c.com',
  'connection' => 'keep-alive',
  'user-agent' => 'Mozilla/5.0 (Macintosh; Intel Mac OS X 10_13_5) AppleWebKit/537.36 (KHTML, like Gecko) Chrome/67.0.3396.99 Safari/537.36',
  'accept' => 'image/webp,image/apng,image/*,*/*;q=0.8',
  'referer' => 'http://www.jb2c.com/wap/index.html',
  'accept-encoding' => 'gzip, deflate',
  'accept-language' => 'zh-CN,zh;q=0.9,en;q=0.8',
  'cookie' => 'PHPSESSID=8eed70516fb48d4959511065b4972630; redirect_url=%2Fseller%2Foperation_log%2Fgetlastlog.html',
)
[ info ] [ PARAM ] array (
)
[ info ] [ LOG ] INIT file
---------------------------------------------------------------
[2018-07-24T18:30:20+08:00] 127.0.0.1 GET /static/uploads/da/5b/7d/5ab5e8c15e8a5.jpg
[ info ] www.jb2c.com/static/uploads/da/5b/7d/5ab5e8c15e8a5.jpg [运行时间：0.063748s][吞吐率：15.69req/s] [内存消耗：888.96kb] [文件加载：78]
[ info ] [ SESSION ] INIT array (
  'id' => '',
  'var_session_id' => '',
  'prefix' => 'jshop',
  'type' => '',
  'auto_start' => true,
  'httponly' => true,
  'secure' => false,
)
[ info ] [ BEHAVIOR ] Run Closure @app_init [ RunTime:0.008473s ]
[ info ] [ LANG ] /Users/apple/W/jshop_b2c/thinkphp/lang/zh-cn.php
[ info ] [ ROUTE ] array (
)
[ info ] [ HEADER ] array (
  'host' => 'www.jb2c.com',
  'connection' => 'keep-alive',
  'user-agent' => 'Mozilla/5.0 (Macintosh; Intel Mac OS X 10_13_5) AppleWebKit/537.36 (KHTML, like Gecko) Chrome/67.0.3396.99 Safari/537.36',
  'accept' => 'image/webp,image/apng,image/*,*/*;q=0.8',
  'referer' => 'http://www.jb2c.com/wap/index.html',
  'accept-encoding' => 'gzip, deflate',
  'accept-language' => 'zh-CN,zh;q=0.9,en;q=0.8',
  'cookie' => 'PHPSESSID=8eed70516fb48d4959511065b4972630; redirect_url=%2Fseller%2Foperation_log%2Fgetlastlog.html',
)
[ info ] [ PARAM ] array (
)
[ info ] [ LOG ] INIT file
---------------------------------------------------------------
[2018-07-24T18:30:20+08:00] 127.0.0.1 GET /static/uploads/7e/d4/ae/5abf0ada00157.jpg
[ info ] www.jb2c.com/static/uploads/7e/d4/ae/5abf0ada00157.jpg [运行时间：0.077581s][吞吐率：12.89req/s] [内存消耗：888.96kb] [文件加载：78]
[ info ] [ SESSION ] INIT array (
  'id' => '',
  'var_session_id' => '',
  'prefix' => 'jshop',
  'type' => '',
  'auto_start' => true,
  'httponly' => true,
  'secure' => false,
)
[ info ] [ BEHAVIOR ] Run Closure @app_init [ RunTime:0.007733s ]
[ info ] [ LANG ] /Users/apple/W/jshop_b2c/thinkphp/lang/zh-cn.php
[ info ] [ ROUTE ] array (
)
[ info ] [ HEADER ] array (
  'host' => 'www.jb2c.com',
  'connection' => 'keep-alive',
  'user-agent' => 'Mozilla/5.0 (Macintosh; Intel Mac OS X 10_13_5) AppleWebKit/537.36 (KHTML, like Gecko) Chrome/67.0.3396.99 Safari/537.36',
  'accept' => 'image/webp,image/apng,image/*,*/*;q=0.8',
  'referer' => 'http://www.jb2c.com/wap/index.html',
  'accept-encoding' => 'gzip, deflate',
  'accept-language' => 'zh-CN,zh;q=0.9,en;q=0.8',
  'cookie' => 'PHPSESSID=8eed70516fb48d4959511065b4972630; redirect_url=%2Fseller%2Foperation_log%2Fgetlastlog.html',
)
[ info ] [ PARAM ] array (
)
[ info ] [ LOG ] INIT file
---------------------------------------------------------------
[2018-07-24T18:30:20+08:00] 127.0.0.1 GET /static/uploads/dd/f9/0a/5abf089bdca30.jpg
[ info ] www.jb2c.com/static/uploads/dd/f9/0a/5abf089bdca30.jpg [运行时间：0.113931s][吞吐率：8.78req/s] [内存消耗：889.02kb] [文件加载：78]
[ info ] [ SESSION ] INIT array (
  'id' => '',
  'var_session_id' => '',
  'prefix' => 'jshop',
  'type' => '',
  'auto_start' => true,
  'httponly' => true,
  'secure' => false,
)
[ info ] [ BEHAVIOR ] Run Closure @app_init [ RunTime:0.046909s ]
[ info ] [ LANG ] /Users/apple/W/jshop_b2c/thinkphp/lang/zh-cn.php
[ info ] [ ROUTE ] array (
)
[ info ] [ HEADER ] array (
  'host' => 'www.jb2c.com',
  'connection' => 'keep-alive',
  'user-agent' => 'Mozilla/5.0 (Macintosh; Intel Mac OS X 10_13_5) AppleWebKit/537.36 (KHTML, like Gecko) Chrome/67.0.3396.99 Safari/537.36',
  'accept' => 'image/webp,image/apng,image/*,*/*;q=0.8',
  'referer' => 'http://www.jb2c.com/wap/index.html',
  'accept-encoding' => 'gzip, deflate',
  'accept-language' => 'zh-CN,zh;q=0.9,en;q=0.8',
  'cookie' => 'PHPSESSID=8eed70516fb48d4959511065b4972630; redirect_url=%2Fseller%2Foperation_log%2Fgetlastlog.html',
)
[ info ] [ PARAM ] array (
)
[ info ] [ LOG ] INIT file
---------------------------------------------------------------
[2018-07-24T18:30:20+08:00] 127.0.0.1 GET /static/uploads/82/93/c6/5abcadd9582b7.jpg
[ info ] www.jb2c.com/static/uploads/82/93/c6/5abcadd9582b7.jpg [运行时间：0.128627s][吞吐率：7.77req/s] [内存消耗：888.96kb] [文件加载：78]
[ info ] [ SESSION ] INIT array (
  'id' => '',
  'var_session_id' => '',
  'prefix' => 'jshop',
  'type' => '',
  'auto_start' => true,
  'httponly' => true,
  'secure' => false,
)
[ info ] [ BEHAVIOR ] Run Closure @app_init [ RunTime:0.009524s ]
[ info ] [ LANG ] /Users/apple/W/jshop_b2c/thinkphp/lang/zh-cn.php
[ info ] [ ROUTE ] array (
)
[ info ] [ HEADER ] array (
  'host' => 'www.jb2c.com',
  'connection' => 'keep-alive',
  'user-agent' => 'Mozilla/5.0 (Macintosh; Intel Mac OS X 10_13_5) AppleWebKit/537.36 (KHTML, like Gecko) Chrome/67.0.3396.99 Safari/537.36',
  'accept' => 'image/webp,image/apng,image/*,*/*;q=0.8',
  'referer' => 'http://www.jb2c.com/wap/index.html',
  'accept-encoding' => 'gzip, deflate',
  'accept-language' => 'zh-CN,zh;q=0.9,en;q=0.8',
  'cookie' => 'PHPSESSID=8eed70516fb48d4959511065b4972630; redirect_url=%2Fseller%2Foperation_log%2Fgetlastlog.html',
)
[ info ] [ PARAM ] array (
)
[ info ] [ LOG ] INIT file
---------------------------------------------------------------
[2018-07-24T18:30:20+08:00] 127.0.0.1 GET /static/uploads/65/7a/24/5abca819c6db8.jpg
[ info ] www.jb2c.com/static/uploads/65/7a/24/5abca819c6db8.jpg [运行时间：0.103315s][吞吐率：9.68req/s] [内存消耗：889.02kb] [文件加载：78]
[ info ] [ SESSION ] INIT array (
  'id' => '',
  'var_session_id' => '',
  'prefix' => 'jshop',
  'type' => '',
  'auto_start' => true,
  'httponly' => true,
  'secure' => false,
)
[ info ] [ BEHAVIOR ] Run Closure @app_init [ RunTime:0.020400s ]
[ info ] [ LANG ] /Users/apple/W/jshop_b2c/thinkphp/lang/zh-cn.php
[ info ] [ ROUTE ] array (
)
[ info ] [ HEADER ] array (
  'host' => 'www.jb2c.com',
  'connection' => 'keep-alive',
  'user-agent' => 'Mozilla/5.0 (Macintosh; Intel Mac OS X 10_13_5) AppleWebKit/537.36 (KHTML, like Gecko) Chrome/67.0.3396.99 Safari/537.36',
  'accept' => 'image/webp,image/apng,image/*,*/*;q=0.8',
  'referer' => 'http://www.jb2c.com/wap/index.html',
  'accept-encoding' => 'gzip, deflate',
  'accept-language' => 'zh-CN,zh;q=0.9,en;q=0.8',
  'cookie' => 'PHPSESSID=8eed70516fb48d4959511065b4972630; redirect_url=%2Fseller%2Foperation_log%2Fgetlastlog.html',
)
[ info ] [ PARAM ] array (
)
[ info ] [ LOG ] INIT file
---------------------------------------------------------------
[2018-07-24T18:30:20+08:00] 127.0.0.1 GET /static/uploads/f1/6a/d4/5abca6b911ebe.jpg
[ info ] www.jb2c.com/static/uploads/f1/6a/d4/5abca6b911ebe.jpg [运行时间：0.130769s][吞吐率：7.65req/s] [内存消耗：888.96kb] [文件加载：78]
[ info ] [ SESSION ] INIT array (
  'id' => '',
  'var_session_id' => '',
  'prefix' => 'jshop',
  'type' => '',
  'auto_start' => true,
  'httponly' => true,
  'secure' => false,
)
[ info ] [ BEHAVIOR ] Run Closure @app_init [ RunTime:0.011333s ]
[ info ] [ LANG ] /Users/apple/W/jshop_b2c/thinkphp/lang/zh-cn.php
[ info ] [ ROUTE ] array (
)
[ info ] [ HEADER ] array (
  'host' => 'www.jb2c.com',
  'connection' => 'keep-alive',
  'user-agent' => 'Mozilla/5.0 (Macintosh; Intel Mac OS X 10_13_5) AppleWebKit/537.36 (KHTML, like Gecko) Chrome/67.0.3396.99 Safari/537.36',
  'accept' => 'image/webp,image/apng,image/*,*/*;q=0.8',
  'referer' => 'http://www.jb2c.com/wap/index.html',
  'accept-encoding' => 'gzip, deflate',
  'accept-language' => 'zh-CN,zh;q=0.9,en;q=0.8',
  'cookie' => 'PHPSESSID=8eed70516fb48d4959511065b4972630; redirect_url=%2Fseller%2Foperation_log%2Fgetlastlog.html',
)
[ info ] [ PARAM ] array (
)
[ info ] [ LOG ] INIT file
---------------------------------------------------------------
[2018-07-24T18:30:20+08:00] 127.0.0.1 GET /static/uploads/5c/6a/95/5abf0ce4319ba.jpg
[ info ] www.jb2c.com/static/uploads/5c/6a/95/5abf0ce4319ba.jpg [运行时间：0.120242s][吞吐率：8.32req/s] [内存消耗：888.96kb] [文件加载：78]
[ info ] [ SESSION ] INIT array (
  'id' => '',
  'var_session_id' => '',
  'prefix' => 'jshop',
  'type' => '',
  'auto_start' => true,
  'httponly' => true,
  'secure' => false,
)
[ info ] [ BEHAVIOR ] Run Closure @app_init [ RunTime:0.036119s ]
[ info ] [ LANG ] /Users/apple/W/jshop_b2c/thinkphp/lang/zh-cn.php
[ info ] [ ROUTE ] array (
)
[ info ] [ HEADER ] array (
  'host' => 'www.jb2c.com',
  'connection' => 'keep-alive',
  'user-agent' => 'Mozilla/5.0 (Macintosh; Intel Mac OS X 10_13_5) AppleWebKit/537.36 (KHTML, like Gecko) Chrome/67.0.3396.99 Safari/537.36',
  'accept' => 'image/webp,image/apng,image/*,*/*;q=0.8',
  'referer' => 'http://www.jb2c.com/wap/index.html',
  'accept-encoding' => 'gzip, deflate',
  'accept-language' => 'zh-CN,zh;q=0.9,en;q=0.8',
  'cookie' => 'PHPSESSID=8eed70516fb48d4959511065b4972630; redirect_url=%2Fseller%2Foperation_log%2Fgetlastlog.html',
)
[ info ] [ PARAM ] array (
)
[ info ] [ LOG ] INIT file
---------------------------------------------------------------
[2018-07-24T18:30:43+08:00] 127.0.0.1 GET /manage/user/index.html
[ info ] www.jb2c.com/manage/user/index.html [运行时间：0.397292s][吞吐率：2.52req/s] [内存消耗：3,852.54kb] [文件加载：114]
[ info ] [ SESSION ] INIT array (
  'id' => '',
  'var_session_id' => '',
  'prefix' => 'jshop',
  'type' => '',
  'auto_start' => true,
  'httponly' => true,
  'secure' => false,
)
[ info ] [ BEHAVIOR ] Run Closure @app_init [ RunTime:0.025434s ]
[ info ] [ LANG ] /Users/apple/W/jshop_b2c/thinkphp/lang/zh-cn.php
[ info ] [ ROUTE ] array (
)
[ info ] [ HEADER ] array (
  'host' => 'www.jb2c.com',
  'connection' => 'keep-alive',
  'upgrade-insecure-requests' => '1',
  'user-agent' => 'Mozilla/5.0 (Macintosh; Intel Mac OS X 10_13_5) AppleWebKit/537.36 (KHTML, like Gecko) Chrome/67.0.3396.99 Safari/537.36',
  'accept' => 'text/html,application/xhtml+xml,application/xml;q=0.9,image/webp,image/apng,*/*;q=0.8',
  'referer' => 'http://www.jb2c.com/manage',
  'accept-encoding' => 'gzip, deflate',
  'accept-language' => 'zh-CN,zh;q=0.9,en;q=0.8',
  'cookie' => 'PHPSESSID=8eed70516fb48d4959511065b4972630; redirect_url=%2Fseller%2Foperation_log%2Fgetlastlog.html',
)
[ info ] [ PARAM ] array (
)
[ info ] [ DB ] INIT mysql
[ info ] [ CACHE ] INIT File
[ info ] [ BEHAVIOR ] Run Closure @action_begin [ RunTime:0.003358s ]
[ info ] [ VIEW ] /Users/apple/W/jshop_b2c/application/manage/view/user/index.html [ array (
  0 => 'params',
  1 => 'nav',
  2 => 'menu',
  3 => 'jshopHost',
) ]
[ info ] [ LOG ] INIT file
[ sql ] [ DB ] CONNECT:[ UseTime:0.000735s ] mysql:host=127.0.0.1;dbname=jshop_b2c;charset=utf8
[ sql ] [ SQL ] SHOW COLUMNS FROM `operation` [ RunTime:0.003015s ]
[ sql ] [ SQL ] SELECT * FROM `operation` WHERE  `code` = 'User'  AND `type` = 'c'  AND `parent_id` = 2 LIMIT 1 [ RunTime:0.000668s ]
[ sql ] [ SQL ] SELECT * FROM `operation` WHERE  `code` = 'index'  AND `type` = 'a'  AND `parent_id` = 238 LIMIT 1 [ RunTime:0.000444s ]
[ sql ] [ SQL ] SELECT * FROM `operation` WHERE  `id` = 239 LIMIT 1 [ RunTime:0.000369s ]
[ sql ] [ SQL ] SELECT * FROM `operation` WHERE  `id` = 238 LIMIT 1 [ RunTime:0.000406s ]
[ sql ] [ SQL ] SELECT * FROM `operation` WHERE  `id` = 238 LIMIT 1 [ RunTime:0.000512s ]
[ sql ] [ SQL ] SELECT * FROM `operation` WHERE  `id` = 2 LIMIT 1 [ RunTime:0.000449s ]
[ sql ] [ SQL ] SELECT * FROM `operation` WHERE  `id` = 2 LIMIT 1 [ RunTime:0.000648s ]
[ sql ] [ SQL ] SELECT * FROM `operation` WHERE  `id` = 1 LIMIT 1 [ RunTime:0.000461s ]
[ sql ] [ SQL ] SELECT * FROM `operation` WHERE  `code` = 'User'  AND `type` = 'c'  AND `parent_id` = 2 LIMIT 1 [ RunTime:0.000513s ]
[ sql ] [ SQL ] SELECT * FROM `operation` WHERE  `code` = 'index'  AND `type` = 'a'  AND `parent_id` = 238 LIMIT 1 [ RunTime:0.000450s ]
[ sql ] [ SQL ] SELECT * FROM `operation` WHERE  `id` = 238 LIMIT 1 [ RunTime:0.000370s ]
[ sql ] [ SQL ] SELECT * FROM `operation` WHERE  `perm_type` = 1 ORDER BY sort asc [ RunTime:0.001303s ]
[ sql ] [ SQL ] SELECT * FROM `operation` WHERE  `id` = 239 LIMIT 1 [ RunTime:0.000805s ]
[ sql ] [ SQL ] SELECT * FROM `operation` WHERE  `id` = 238 LIMIT 1 [ RunTime:0.000854s ]
[ sql ] [ SQL ] SELECT * FROM `operation` WHERE  `id` = 2 LIMIT 1 [ RunTime:0.000528s ]
[ sql ] [ SQL ] SELECT * FROM `operation` WHERE  `id` = 241 LIMIT 1 [ RunTime:0.000487s ]
[ sql ] [ SQL ] SELECT * FROM `operation` WHERE  `id` = 238 LIMIT 1 [ RunTime:0.000438s ]
[ sql ] [ SQL ] SELECT * FROM `operation` WHERE  `id` = 2 LIMIT 1 [ RunTime:0.000458s ]
[ sql ] [ SQL ] SELECT * FROM `operation` WHERE  `id` = 411 LIMIT 1 [ RunTime:0.000542s ]
[ sql ] [ SQL ] SELECT * FROM `operation` WHERE  `id` = 410 LIMIT 1 [ RunTime:0.000436s ]
[ sql ] [ SQL ] SELECT * FROM `operation` WHERE  `id` = 2 LIMIT 1 [ RunTime:0.000456s ]
[ sql ] [ SQL ] SELECT * FROM `operation` WHERE  `id` = 417 LIMIT 1 [ RunTime:0.000514s ]
[ sql ] [ SQL ] SELECT * FROM `operation` WHERE  `id` = 416 LIMIT 1 [ RunTime:0.000492s ]
[ sql ] [ SQL ] SELECT * FROM `operation` WHERE  `id` = 2 LIMIT 1 [ RunTime:0.000613s ]
[ sql ] [ SQL ] SELECT * FROM `operation` WHERE  `id` = 240 LIMIT 1 [ RunTime:0.000526s ]
[ sql ] [ SQL ] SELECT * FROM `operation` WHERE  `id` = 238 LIMIT 1 [ RunTime:0.000436s ]
[ sql ] [ SQL ] SELECT * FROM `operation` WHERE  `id` = 2 LIMIT 1 [ RunTime:0.000424s ]
[ sql ] [ SQL ] SELECT * FROM `operation` WHERE  `id` = 439 LIMIT 1 [ RunTime:0.000497s ]
[ sql ] [ SQL ] SELECT * FROM `operation` WHERE  `id` = 438 LIMIT 1 [ RunTime:0.000479s ]
[ sql ] [ SQL ] SELECT * FROM `operation` WHERE  `id` = 2 LIMIT 1 [ RunTime:0.000433s ]
[ sql ] [ SQL ] SELECT * FROM `operation` WHERE  `id` = 442 LIMIT 1 [ RunTime:0.000961s ]
[ sql ] [ SQL ] SELECT * FROM `operation` WHERE  `id` = 441 LIMIT 1 [ RunTime:0.000538s ]
[ sql ] [ SQL ] SELECT * FROM `operation` WHERE  `id` = 2 LIMIT 1 [ RunTime:0.000452s ]
[ sql ] [ SQL ] SELECT * FROM `operation` WHERE  `id` = 445 LIMIT 1 [ RunTime:0.000537s ]
[ sql ] [ SQL ] SELECT * FROM `operation` WHERE  `id` = 444 LIMIT 1 [ RunTime:0.000546s ]
[ sql ] [ SQL ] SELECT * FROM `operation` WHERE  `id` = 2 LIMIT 1 [ RunTime:0.000502s ]
[ sql ] [ SQL ] SELECT * FROM `operation` WHERE  `id` = 306 LIMIT 1 [ RunTime:0.000471s ]
[ sql ] [ SQL ] SELECT * FROM `operation` WHERE  `id` = 305 LIMIT 1 [ RunTime:0.000462s ]
[ sql ] [ SQL ] SELECT * FROM `operation` WHERE  `id` = 2 LIMIT 1 [ RunTime:0.000458s ]
[ sql ] [ SQL ] SELECT * FROM `operation` WHERE  `id` = 292 LIMIT 1 [ RunTime:0.000499s ]
[ sql ] [ SQL ] SELECT * FROM `operation` WHERE  `id` = 291 LIMIT 1 [ RunTime:0.000512s ]
[ sql ] [ SQL ] SELECT * FROM `operation` WHERE  `id` = 2 LIMIT 1 [ RunTime:0.000425s ]
[ sql ] [ SQL ] SELECT * FROM `operation` WHERE  `id` = 287 LIMIT 1 [ RunTime:0.000430s ]
[ sql ] [ SQL ] SELECT * FROM `operation` WHERE  `id` = 286 LIMIT 1 [ RunTime:0.000497s ]
[ sql ] [ SQL ] SELECT * FROM `operation` WHERE  `id` = 2 LIMIT 1 [ RunTime:0.000467s ]
[ sql ] [ SQL ] SELECT * FROM `operation` WHERE  `id` = 324 LIMIT 1 [ RunTime:0.000577s ]
[ sql ] [ SQL ] SELECT * FROM `operation` WHERE  `id` = 323 LIMIT 1 [ RunTime:0.000576s ]
[ sql ] [ SQL ] SELECT * FROM `operation` WHERE  `id` = 2 LIMIT 1 [ RunTime:0.000897s ]
[ sql ] [ SQL ] SELECT * FROM `operation` WHERE  `id` = 331 LIMIT 1 [ RunTime:0.000438s ]
[ sql ] [ SQL ] SELECT * FROM `operation` WHERE  `id` = 330 LIMIT 1 [ RunTime:0.000487s ]
[ sql ] [ SQL ] SELECT * FROM `operation` WHERE  `id` = 2 LIMIT 1 [ RunTime:0.000536s ]
[ sql ] [ SQL ] SELECT * FROM `operation` WHERE  `id` = 422 LIMIT 1 [ RunTime:0.000604s ]
[ sql ] [ SQL ] SELECT * FROM `operation` WHERE  `id` = 421 LIMIT 1 [ RunTime:0.000529s ]
[ sql ] [ SQL ] SELECT * FROM `operation` WHERE  `id` = 2 LIMIT 1 [ RunTime:0.000479s ]
[ sql ] [ SQL ] SELECT * FROM `operation` WHERE  `id` = 297 LIMIT 1 [ RunTime:0.000466s ]
[ sql ] [ SQL ] SELECT * FROM `operation` WHERE  `id` = 296 LIMIT 1 [ RunTime:0.000456s ]
[ sql ] [ SQL ] SELECT * FROM `operation` WHERE  `id` = 2 LIMIT 1 [ RunTime:0.000494s ]
[ sql ] [ SQL ] SELECT * FROM `operation` WHERE  `id` = 405 LIMIT 1 [ RunTime:0.000574s ]
[ sql ] [ SQL ] SELECT * FROM `operation` WHERE  `id` = 404 LIMIT 1 [ RunTime:0.000477s ]
[ sql ] [ SQL ] SELECT * FROM `operation` WHERE  `id` = 2 LIMIT 1 [ RunTime:0.000498s ]
[ sql ] [ SQL ] SELECT * FROM `operation` WHERE  `id` = 344 LIMIT 1 [ RunTime:0.000487s ]
[ sql ] [ SQL ] SELECT * FROM `operation` WHERE  `id` = 343 LIMIT 1 [ RunTime:0.000545s ]
[ sql ] [ SQL ] SELECT * FROM `operation` WHERE  `id` = 2 LIMIT 1 [ RunTime:0.000476s ]
[ sql ] [ SQL ] SELECT * FROM `operation` WHERE  `id` = 348 LIMIT 1 [ RunTime:0.000677s ]
[ sql ] [ SQL ] SELECT * FROM `operation` WHERE  `id` = 347 LIMIT 1 [ RunTime:0.000488s ]
[ sql ] [ SQL ] SELECT * FROM `operation` WHERE  `id` = 2 LIMIT 1 [ RunTime:0.000427s ]
[ sql ] [ SQL ] SELECT * FROM `operation` WHERE  `id` = 253 LIMIT 1 [ RunTime:0.000468s ]
[ sql ] [ SQL ] SELECT * FROM `operation` WHERE  `id` = 252 LIMIT 1 [ RunTime:0.000444s ]
[ sql ] [ SQL ] SELECT * FROM `operation` WHERE  `id` = 2 LIMIT 1 [ RunTime:0.000514s ]
[ sql ] [ SQL ] SELECT * FROM `operation` WHERE  `id` = 259 LIMIT 1 [ RunTime:0.000516s ]
[ sql ] [ SQL ] SELECT * FROM `operation` WHERE  `id` = 258 LIMIT 1 [ RunTime:0.000475s ]
[ sql ] [ SQL ] SELECT * FROM `operation` WHERE  `id` = 2 LIMIT 1 [ RunTime:0.000486s ]
[ sql ] [ SQL ] SELECT * FROM `operation` WHERE  `id` = 267 LIMIT 1 [ RunTime:0.000485s ]
[ sql ] [ SQL ] SELECT * FROM `operation` WHERE  `id` = 266 LIMIT 1 [ RunTime:0.000539s ]
[ sql ] [ SQL ] SELECT * FROM `operation` WHERE  `id` = 2 LIMIT 1 [ RunTime:0.000522s ]
[ sql ] [ SQL ] SELECT * FROM `operation` WHERE  `id` = 272 LIMIT 1 [ RunTime:0.000503s ]
[ sql ] [ SQL ] SELECT * FROM `operation` WHERE  `id` = 271 LIMIT 1 [ RunTime:0.000490s ]
[ sql ] [ SQL ] SELECT * FROM `operation` WHERE  `id` = 2 LIMIT 1 [ RunTime:0.000484s ]
[ sql ] [ SQL ] SELECT * FROM `operation` WHERE  `id` = 278 LIMIT 1 [ RunTime:0.000511s ]
[ sql ] [ SQL ] SELECT * FROM `operation` WHERE  `id` = 277 LIMIT 1 [ RunTime:0.000547s ]
[ sql ] [ SQL ] SELECT * FROM `operation` WHERE  `id` = 2 LIMIT 1 [ RunTime:0.000553s ]
[ sql ] [ SQL ] SELECT * FROM `operation` WHERE  `id` = 448 LIMIT 1 [ RunTime:0.000470s ]
[ sql ] [ SQL ] SELECT * FROM `operation` WHERE  `id` = 447 LIMIT 1 [ RunTime:0.000442s ]
[ sql ] [ SQL ] SELECT * FROM `operation` WHERE  `id` = 2 LIMIT 1 [ RunTime:0.000436s ]
[ sql ] [ SQL ] SELECT * FROM `operation` WHERE  `id` = 357 LIMIT 1 [ RunTime:0.000528s ]
[ sql ] [ SQL ] SELECT * FROM `operation` WHERE  `id` = 356 LIMIT 1 [ RunTime:0.000492s ]
[ sql ] [ SQL ] SELECT * FROM `operation` WHERE  `id` = 2 LIMIT 1 [ RunTime:0.000480s ]
[ sql ] [ SQL ] SELECT * FROM `operation` WHERE  `id` = 361 LIMIT 1 [ RunTime:0.000509s ]
[ sql ] [ SQL ] SELECT * FROM `operation` WHERE  `id` = 356 LIMIT 1 [ RunTime:0.000467s ]
[ sql ] [ SQL ] SELECT * FROM `operation` WHERE  `id` = 2 LIMIT 1 [ RunTime:0.000534s ]
[ sql ] [ SQL ] SELECT * FROM `operation` WHERE  `id` = 400 LIMIT 1 [ RunTime:0.000508s ]
[ sql ] [ SQL ] SELECT * FROM `operation` WHERE  `id` = 399 LIMIT 1 [ RunTime:0.000630s ]
[ sql ] [ SQL ] SELECT * FROM `operation` WHERE  `id` = 2 LIMIT 1 [ RunTime:0.000512s ]
[ sql ] [ SQL ] SELECT * FROM `operation` WHERE  `id` = 460 LIMIT 1 [ RunTime:0.000511s ]
[ sql ] [ SQL ] SELECT * FROM `operation` WHERE  `id` = 431 LIMIT 1 [ RunTime:0.000553s ]
[ sql ] [ SQL ] SELECT * FROM `operation` WHERE  `id` = 2 LIMIT 1 [ RunTime:0.000980s ]
[ sql ] [ SQL ] SELECT * FROM `operation` WHERE  `id` = 352 LIMIT 1 [ RunTime:0.000496s ]
[ sql ] [ SQL ] SELECT * FROM `operation` WHERE  `id` = 351 LIMIT 1 [ RunTime:0.000509s ]
[ sql ] [ SQL ] SELECT * FROM `operation` WHERE  `id` = 2 LIMIT 1 [ RunTime:0.000495s ]
[ sql ] [ SQL ] SELECT * FROM `operation` WHERE  `id` = 432 LIMIT 1 [ RunTime:0.000571s ]
[ sql ] [ SQL ] SELECT * FROM `operation` WHERE  `id` = 431 LIMIT 1 [ RunTime:0.000550s ]
[ sql ] [ SQL ] SELECT * FROM `operation` WHERE  `id` = 2 LIMIT 1 [ RunTime:0.000508s ]
[ sql ] [ SQL ] SELECT * FROM `operation` WHERE  `id` = 245 LIMIT 1 [ RunTime:0.000486s ]
[ sql ] [ SQL ] SELECT * FROM `operation` WHERE  `id` = 244 LIMIT 1 [ RunTime:0.000492s ]
[ sql ] [ SQL ] SELECT * FROM `operation` WHERE  `id` = 2 LIMIT 1 [ RunTime:0.000541s ]
[ sql ] [ SQL ] SELECT * FROM `operation` WHERE  `id` = 247 LIMIT 1 [ RunTime:0.000661s ]
[ sql ] [ SQL ] SELECT * FROM `operation` WHERE  `id` = 246 LIMIT 1 [ RunTime:0.000522s ]
[ sql ] [ SQL ] SELECT * FROM `operation` WHERE  `id` = 2 LIMIT 1 [ RunTime:0.000522s ]
[ sql ] [ SQL ] SELECT * FROM `operation` WHERE  `id` = 336 LIMIT 1 [ RunTime:0.000455s ]
[ sql ] [ SQL ] SELECT * FROM `operation` WHERE  `id` = 335 LIMIT 1 [ RunTime:0.000468s ]
[ sql ] [ SQL ] SELECT * FROM `operation` WHERE  `id` = 2 LIMIT 1 [ RunTime:0.000487s ]
[ sql ] [ SQL ] SELECT * FROM `operation` WHERE  `id` = 409 LIMIT 1 [ RunTime:0.000825s ]
[ sql ] [ SQL ] SELECT * FROM `operation` WHERE  `id` = 408 LIMIT 1 [ RunTime:0.000600s ]
[ sql ] [ SQL ] SELECT * FROM `operation` WHERE  `id` = 2 LIMIT 1 [ RunTime:0.000502s ]
[ sql ] [ SQL ] SELECT * FROM `operation` WHERE  `id` = 393 LIMIT 1 [ RunTime:0.000465s ]
[ sql ] [ SQL ] SELECT * FROM `operation` WHERE  `id` = 392 LIMIT 1 [ RunTime:0.000604s ]
[ sql ] [ SQL ] SELECT * FROM `operation` WHERE  `id` = 2 LIMIT 1 [ RunTime:0.000530s ]
[ sql ] [ SQL ] SELECT * FROM `operation` WHERE  `id` = 391 LIMIT 1 [ RunTime:0.000498s ]
[ sql ] [ SQL ] SELECT * FROM `operation` WHERE  `id` = 390 LIMIT 1 [ RunTime:0.000488s ]
[ sql ] [ SQL ] SELECT * FROM `operation` WHERE  `id` = 2 LIMIT 1 [ RunTime:0.000497s ]
[ sql ] [ SQL ] SELECT * FROM `operation` WHERE  `id` = 435 LIMIT 1 [ RunTime:0.000464s ]
[ sql ] [ SQL ] SELECT * FROM `operation` WHERE  `id` = 434 LIMIT 1 [ RunTime:0.000424s ]
[ sql ] [ SQL ] SELECT * FROM `operation` WHERE  `id` = 2 LIMIT 1 [ RunTime:0.000421s ]
[ sql ] [ SQL ] SELECT * FROM `operation` WHERE  `id` = 372 LIMIT 1 [ RunTime:0.000463s ]
[ sql ] [ SQL ] SELECT * FROM `operation` WHERE  `id` = 371 LIMIT 1 [ RunTime:0.000444s ]
[ sql ] [ SQL ] SELECT * FROM `operation` WHERE  `id` = 2 LIMIT 1 [ RunTime:0.000457s ]
[ sql ] [ SQL ] SELECT * FROM `operation` WHERE  `id` = 373 LIMIT 1 [ RunTime:0.000460s ]
[ sql ] [ SQL ] SELECT * FROM `operation` WHERE  `id` = 371 LIMIT 1 [ RunTime:0.000868s ]
[ sql ] [ SQL ] SELECT * FROM `operation` WHERE  `id` = 2 LIMIT 1 [ RunTime:0.000560s ]
[ sql ] [ SQL ] SELECT * FROM `operation` WHERE  `id` = 374 LIMIT 1 [ RunTime:0.000460s ]
[ sql ] [ SQL ] SELECT * FROM `operation` WHERE  `id` = 371 LIMIT 1 [ RunTime:0.000511s ]
[ sql ] [ SQL ] SELECT * FROM `operation` WHERE  `id` = 2 LIMIT 1 [ RunTime:0.000509s ]
[ sql ] [ SQL ] SELECT * FROM `operation` WHERE  `id` = 366 LIMIT 1 [ RunTime:0.000689s ]
[ sql ] [ SQL ] SELECT * FROM `operation` WHERE  `id` = 365 LIMIT 1 [ RunTime:0.000509s ]
[ sql ] [ SQL ] SELECT * FROM `operation` WHERE  `id` = 2 LIMIT 1 [ RunTime:0.000442s ]
---------------------------------------------------------------
[2018-07-24T18:30:43+08:00] 127.0.0.1 GET /manage/user/index.html?_ajax=1&page=1&limit=20
[ info ] www.jb2c.com/manage/user/index.html?_ajax=1&page=1&limit=20 [运行时间：0.230458s][吞吐率：4.34req/s] [内存消耗：3,848.15kb] [文件加载：115]
[ info ] [ SESSION ] INIT array (
  'id' => '',
  'var_session_id' => '',
  'prefix' => 'jshop',
  'type' => '',
  'auto_start' => true,
  'httponly' => true,
  'secure' => false,
)
[ info ] [ BEHAVIOR ] Run Closure @app_init [ RunTime:0.014723s ]
[ info ] [ LANG ] /Users/apple/W/jshop_b2c/thinkphp/lang/zh-cn.php
[ info ] [ ROUTE ] array (
)
[ info ] [ HEADER ] array (
  'host' => 'www.jb2c.com',
  'connection' => 'keep-alive',
  'accept' => 'application/json, text/javascript, */*; q=0.01',
  'x-requested-with' => 'XMLHttpRequest',
  'user-agent' => 'Mozilla/5.0 (Macintosh; Intel Mac OS X 10_13_5) AppleWebKit/537.36 (KHTML, like Gecko) Chrome/67.0.3396.99 Safari/537.36',
  'referer' => 'http://www.jb2c.com/manage/user/index.html',
  'accept-encoding' => 'gzip, deflate',
  'accept-language' => 'zh-CN,zh;q=0.9,en;q=0.8',
  'cookie' => 'PHPSESSID=8eed70516fb48d4959511065b4972630; redirect_url=%2Fseller%2Foperation_log%2Fgetlastlog.html',
)
[ info ] [ PARAM ] array (
  '_ajax' => '1',
  'page' => '1',
  'limit' => '20',
)
[ info ] [ DB ] INIT mysql
[ info ] [ CACHE ] INIT File
[ info ] [ BEHAVIOR ] Run Closure @action_begin [ RunTime:0.010166s ]
[ info ] [ LOG ] INIT file
[ sql ] [ DB ] CONNECT:[ UseTime:0.000491s ] mysql:host=127.0.0.1;dbname=jshop_b2c;charset=utf8
[ sql ] [ SQL ] SHOW COLUMNS FROM `operation` [ RunTime:0.002494s ]
[ sql ] [ SQL ] SELECT * FROM `operation` WHERE  `code` = 'User'  AND `type` = 'c'  AND `parent_id` = 2 LIMIT 1 [ RunTime:0.000581s ]
[ sql ] [ SQL ] SELECT * FROM `operation` WHERE  `code` = 'index'  AND `type` = 'a'  AND `parent_id` = 238 LIMIT 1 [ RunTime:0.000525s ]
[ sql ] [ SQL ] SELECT * FROM `operation` WHERE  `id` = 239 LIMIT 1 [ RunTime:0.000460s ]
[ sql ] [ SQL ] SELECT * FROM `operation` WHERE  `id` = 238 LIMIT 1 [ RunTime:0.000505s ]
[ sql ] [ SQL ] SELECT * FROM `operation` WHERE  `id` = 238 LIMIT 1 [ RunTime:0.000490s ]
[ sql ] [ SQL ] SELECT * FROM `operation` WHERE  `id` = 2 LIMIT 1 [ RunTime:0.000492s ]
[ sql ] [ SQL ] SELECT * FROM `operation` WHERE  `id` = 2 LIMIT 1 [ RunTime:0.000565s ]
[ sql ] [ SQL ] SELECT * FROM `operation` WHERE  `id` = 1 LIMIT 1 [ RunTime:0.000498s ]
[ sql ] [ SQL ] SELECT * FROM `operation` WHERE  `code` = 'User'  AND `type` = 'c'  AND `parent_id` = 2 LIMIT 1 [ RunTime:0.000653s ]
[ sql ] [ SQL ] SELECT * FROM `operation` WHERE  `code` = 'index'  AND `type` = 'a'  AND `parent_id` = 238 LIMIT 1 [ RunTime:0.000523s ]
[ sql ] [ SQL ] SELECT * FROM `operation` WHERE  `id` = 238 LIMIT 1 [ RunTime:0.000502s ]
[ sql ] [ SQL ] SELECT * FROM `operation` WHERE  `perm_type` = 1 ORDER BY sort asc [ RunTime:0.001372s ]
[ sql ] [ SQL ] SHOW COLUMNS FROM `user` [ RunTime:0.004290s ]
[ sql ] [ SQL ] SELECT COUNT(*) AS tp_count FROM `user` WHERE `user`.`isdel` IS NULL LIMIT 1 [ RunTime:0.000380s ]
[ sql ] [ SQL ] SELECT * FROM `user` WHERE `user`.`isdel` IS NULL LIMIT 0,20 [ RunTime:0.000476s ]
---------------------------------------------------------------
[2018-07-24T18:30:46+08:00] 127.0.0.1 GET /manage/index/index.html
[ info ] www.jb2c.com/manage/index/index.html [运行时间：0.465104s][吞吐率：2.15req/s] [内存消耗：4,833.66kb] [文件加载：122]
[ info ] [ SESSION ] INIT array (
  'id' => '',
  'var_session_id' => '',
  'prefix' => 'jshop',
  'type' => '',
  'auto_start' => true,
  'httponly' => true,
  'secure' => false,
)
[ info ] [ BEHAVIOR ] Run Closure @app_init [ RunTime:0.013421s ]
[ info ] [ LANG ] /Users/apple/W/jshop_b2c/thinkphp/lang/zh-cn.php
[ info ] [ ROUTE ] array (
)
[ info ] [ HEADER ] array (
  'host' => 'www.jb2c.com',
  'connection' => 'keep-alive',
  'upgrade-insecure-requests' => '1',
  'user-agent' => 'Mozilla/5.0 (Macintosh; Intel Mac OS X 10_13_5) AppleWebKit/537.36 (KHTML, like Gecko) Chrome/67.0.3396.99 Safari/537.36',
  'accept' => 'text/html,application/xhtml+xml,application/xml;q=0.9,image/webp,image/apng,*/*;q=0.8',
  'referer' => 'http://www.jb2c.com/manage/user/index.html',
  'accept-encoding' => 'gzip, deflate',
  'accept-language' => 'zh-CN,zh;q=0.9,en;q=0.8',
  'cookie' => 'PHPSESSID=8eed70516fb48d4959511065b4972630; redirect_url=%2Fseller%2Foperation_log%2Fgetlastlog.html',
)
[ info ] [ PARAM ] array (
)
[ info ] [ DB ] INIT mysql
[ info ] [ CACHE ] INIT File
[ info ] [ BEHAVIOR ] Run Closure @action_begin [ RunTime:0.010580s ]
[ info ] [ VIEW ] /Users/apple/W/jshop_b2c/application/manage/view/index/index.html [ array (
  0 => 'params',
  1 => 'nav',
  2 => 'menu',
  3 => 'jshopHost',
  4 => 'unpaid_count',
  5 => 'unship_count',
  6 => 'after_sales_count',
  7 => 'goods_statics',
  8 => 'closeauthor',
  9 => 'is_author',
) ]
[ info ] [ LOG ] INIT file
[ sql ] [ DB ] CONNECT:[ UseTime:0.000501s ] mysql:host=127.0.0.1;dbname=jshop_b2c;charset=utf8
[ sql ] [ SQL ] SHOW COLUMNS FROM `operation` [ RunTime:0.004567s ]
[ sql ] [ SQL ] SELECT * FROM `operation` WHERE  `code` = 'Index'  AND `type` = 'c'  AND `parent_id` = 2 LIMIT 1 [ RunTime:0.001796s ]
[ sql ] [ SQL ] SELECT * FROM `operation` WHERE  `code` = 'index'  AND `type` = 'a'  AND `parent_id` = 341 LIMIT 1 [ RunTime:0.000589s ]
[ sql ] [ SQL ] SELECT * FROM `operation` WHERE  `id` = 342 LIMIT 1 [ RunTime:0.000599s ]
[ sql ] [ SQL ] SELECT * FROM `operation` WHERE  `id` = 341 LIMIT 1 [ RunTime:0.000451s ]
[ sql ] [ SQL ] SELECT * FROM `operation` WHERE  `id` = 241 LIMIT 1 [ RunTime:0.000410s ]
[ sql ] [ SQL ] SELECT * FROM `operation` WHERE  `id` = 238 LIMIT 1 [ RunTime:0.000387s ]
[ sql ] [ SQL ] SELECT * FROM `operation` WHERE  `id` = 238 LIMIT 1 [ RunTime:0.000444s ]
[ sql ] [ SQL ] SELECT * FROM `operation` WHERE  `id` = 2 LIMIT 1 [ RunTime:0.000386s ]
[ sql ] [ SQL ] SELECT * FROM `operation` WHERE  `id` = 2 LIMIT 1 [ RunTime:0.001070s ]
[ sql ] [ SQL ] SELECT * FROM `operation` WHERE  `id` = 1 LIMIT 1 [ RunTime:0.000678s ]
[ sql ] [ SQL ] SELECT * FROM `operation` WHERE  `code` = 'Index'  AND `type` = 'c'  AND `parent_id` = 2 LIMIT 1 [ RunTime:0.000593s ]
[ sql ] [ SQL ] SELECT * FROM `operation` WHERE  `code` = 'index'  AND `type` = 'a'  AND `parent_id` = 341 LIMIT 1 [ RunTime:0.000513s ]
[ sql ] [ SQL ] SELECT * FROM `operation` WHERE  `id` = 241 LIMIT 1 [ RunTime:0.000404s ]
[ sql ] [ SQL ] SELECT * FROM `operation` WHERE  `perm_type` = 1 ORDER BY sort asc [ RunTime:0.001374s ]
[ sql ] [ SQL ] SHOW COLUMNS FROM `order` [ RunTime:0.005887s ]
[ sql ] [ SQL ] SELECT COUNT(*) AS tp_count FROM `order` WHERE (  `seller_id` = 0  AND `status` = 1  AND `pay_status` = 1  AND `ship_status` = 1 ) AND `order`.`isdel` IS NULL LIMIT 1 [ RunTime:0.001872s ]
[ sql ] [ SQL ] SELECT COUNT(*) AS tp_count FROM `order` WHERE (  `seller_id` = 0  AND `status` = 1  AND `pay_status` = 2  AND `ship_status` = 1 ) AND `order`.`isdel` IS NULL LIMIT 1 [ RunTime:0.001573s ]
[ sql ] [ SQL ] SHOW COLUMNS FROM `bill_aftersales` [ RunTime:0.003038s ]
[ sql ] [ SQL ] SELECT COUNT(*) AS tp_count FROM `bill_aftersales` WHERE  `seller_id` = 0 LIMIT 1 [ RunTime:0.000475s ]
[ sql ] [ SQL ] SHOW COLUMNS FROM `goods` [ RunTime:0.007322s ]
[ sql ] [ SQL ] SELECT COUNT(id) AS tp_count FROM `goods` WHERE (  `seller_id` = 0 ) AND `goods`.`isdel` IS NULL LIMIT 1 [ RunTime:0.000479s ]
[ sql ] [ SQL ] SELECT COUNT(id) AS tp_count FROM `goods` WHERE (  `seller_id` = 0  AND `marketable` = 1 ) AND `goods`.`isdel` IS NULL LIMIT 1 [ RunTime:0.000446s ]
[ sql ] [ SQL ] SELECT COUNT(id) AS tp_count FROM `goods` WHERE (  `seller_id` = 0  AND `marketable` = 2 ) AND `goods`.`isdel` IS NULL LIMIT 1 [ RunTime:0.000491s ]
[ sql ] [ SQL ] SHOW COLUMNS FROM `seller_setting` [ RunTime:0.002439s ]
[ sql ] [ SQL ] SELECT * FROM `seller_setting` WHERE  `seller_id` = 0  AND `skey` = 'goods_stocks_warn' LIMIT 1 [ RunTime:0.000548s ]
[ sql ] [ SQL ] SELECT COUNT(id) AS tp_count FROM `goods` WHERE (  `seller_id` = 0  AND `stock` <= 10 ) AND `goods`.`isdel` IS NULL LIMIT 1 [ RunTime:0.000463s ]
[ sql ] [ SQL ] SHOW COLUMNS FROM `weixin_author` [ RunTime:0.004723s ]
[ sql ] [ SQL ] SELECT `bind_type`,`id`,`head_img` FROM `weixin_author` WHERE  `seller_id` = 0  AND `author_type` = 'b2c' LIMIT 1 [ RunTime:0.000520s ]
[ sql ] [ SQL ] SELECT * FROM `operation` WHERE  `id` = 239 LIMIT 1 [ RunTime:0.000568s ]
[ sql ] [ SQL ] SELECT * FROM `operation` WHERE  `id` = 238 LIMIT 1 [ RunTime:0.000740s ]
[ sql ] [ SQL ] SELECT * FROM `operation` WHERE  `id` = 2 LIMIT 1 [ RunTime:0.000555s ]
[ sql ] [ SQL ] SELECT * FROM `operation` WHERE  `id` = 241 LIMIT 1 [ RunTime:0.000438s ]
[ sql ] [ SQL ] SELECT * FROM `operation` WHERE  `id` = 238 LIMIT 1 [ RunTime:0.000517s ]
[ sql ] [ SQL ] SELECT * FROM `operation` WHERE  `id` = 2 LIMIT 1 [ RunTime:0.000498s ]
[ sql ] [ SQL ] SELECT * FROM `operation` WHERE  `id` = 411 LIMIT 1 [ RunTime:0.000555s ]
[ sql ] [ SQL ] SELECT * FROM `operation` WHERE  `id` = 410 LIMIT 1 [ RunTime:0.000475s ]
[ sql ] [ SQL ] SELECT * FROM `operation` WHERE  `id` = 2 LIMIT 1 [ RunTime:0.000521s ]
[ sql ] [ SQL ] SELECT * FROM `operation` WHERE  `id` = 417 LIMIT 1 [ RunTime:0.000507s ]
[ sql ] [ SQL ] SELECT * FROM `operation` WHERE  `id` = 416 LIMIT 1 [ RunTime:0.000479s ]
[ sql ] [ SQL ] SELECT * FROM `operation` WHERE  `id` = 2 LIMIT 1 [ RunTime:0.000441s ]
[ sql ] [ SQL ] SELECT * FROM `operation` WHERE  `id` = 240 LIMIT 1 [ RunTime:0.000491s ]
[ sql ] [ SQL ] SELECT * FROM `operation` WHERE  `id` = 238 LIMIT 1 [ RunTime:0.000485s ]
[ sql ] [ SQL ] SELECT * FROM `operation` WHERE  `id` = 2 LIMIT 1 [ RunTime:0.000489s ]
[ sql ] [ SQL ] SELECT * FROM `operation` WHERE  `id` = 439 LIMIT 1 [ RunTime:0.000451s ]
[ sql ] [ SQL ] SELECT * FROM `operation` WHERE  `id` = 438 LIMIT 1 [ RunTime:0.000560s ]
[ sql ] [ SQL ] SELECT * FROM `operation` WHERE  `id` = 2 LIMIT 1 [ RunTime:0.000461s ]
[ sql ] [ SQL ] SELECT * FROM `operation` WHERE  `id` = 442 LIMIT 1 [ RunTime:0.000838s ]
[ sql ] [ SQL ] SELECT * FROM `operation` WHERE  `id` = 441 LIMIT 1 [ RunTime:0.000572s ]
[ sql ] [ SQL ] SELECT * FROM `operation` WHERE  `id` = 2 LIMIT 1 [ RunTime:0.000519s ]
[ sql ] [ SQL ] SELECT * FROM `operation` WHERE  `id` = 445 LIMIT 1 [ RunTime:0.000509s ]
[ sql ] [ SQL ] SELECT * FROM `operation` WHERE  `id` = 444 LIMIT 1 [ RunTime:0.000490s ]
[ sql ] [ SQL ] SELECT * FROM `operation` WHERE  `id` = 2 LIMIT 1 [ RunTime:0.000491s ]
[ sql ] [ SQL ] SELECT * FROM `operation` WHERE  `id` = 306 LIMIT 1 [ RunTime:0.000487s ]
[ sql ] [ SQL ] SELECT * FROM `operation` WHERE  `id` = 305 LIMIT 1 [ RunTime:0.000467s ]
[ sql ] [ SQL ] SELECT * FROM `operation` WHERE  `id` = 2 LIMIT 1 [ RunTime:0.000472s ]
[ sql ] [ SQL ] SELECT * FROM `operation` WHERE  `id` = 292 LIMIT 1 [ RunTime:0.000469s ]
[ sql ] [ SQL ] SELECT * FROM `operation` WHERE  `id` = 291 LIMIT 1 [ RunTime:0.000478s ]
[ sql ] [ SQL ] SELECT * FROM `operation` WHERE  `id` = 2 LIMIT 1 [ RunTime:0.000493s ]
[ sql ] [ SQL ] SELECT * FROM `operation` WHERE  `id` = 287 LIMIT 1 [ RunTime:0.000521s ]
[ sql ] [ SQL ] SELECT * FROM `operation` WHERE  `id` = 286 LIMIT 1 [ RunTime:0.000463s ]
[ sql ] [ SQL ] SELECT * FROM `operation` WHERE  `id` = 2 LIMIT 1 [ RunTime:0.000492s ]
[ sql ] [ SQL ] SELECT * FROM `operation` WHERE  `id` = 324 LIMIT 1 [ RunTime:0.000464s ]
[ sql ] [ SQL ] SELECT * FROM `operation` WHERE  `id` = 323 LIMIT 1 [ RunTime:0.000497s ]
[ sql ] [ SQL ] SELECT * FROM `operation` WHERE  `id` = 2 LIMIT 1 [ RunTime:0.000676s ]
[ sql ] [ SQL ] SELECT * FROM `operation` WHERE  `id` = 331 LIMIT 1 [ RunTime:0.000538s ]
[ sql ] [ SQL ] SELECT * FROM `operation` WHERE  `id` = 330 LIMIT 1 [ RunTime:0.000468s ]
[ sql ] [ SQL ] SELECT * FROM `operation` WHERE  `id` = 2 LIMIT 1 [ RunTime:0.000487s ]
[ sql ] [ SQL ] SELECT * FROM `operation` WHERE  `id` = 422 LIMIT 1 [ RunTime:0.000472s ]
[ sql ] [ SQL ] SELECT * FROM `operation` WHERE  `id` = 421 LIMIT 1 [ RunTime:0.000459s ]
[ sql ] [ SQL ] SELECT * FROM `operation` WHERE  `id` = 2 LIMIT 1 [ RunTime:0.000613s ]
[ sql ] [ SQL ] SELECT * FROM `operation` WHERE  `id` = 297 LIMIT 1 [ RunTime:0.000457s ]
[ sql ] [ SQL ] SELECT * FROM `operation` WHERE  `id` = 296 LIMIT 1 [ RunTime:0.000489s ]
[ sql ] [ SQL ] SELECT * FROM `operation` WHERE  `id` = 2 LIMIT 1 [ RunTime:0.000511s ]
[ sql ] [ SQL ] SELECT * FROM `operation` WHERE  `id` = 405 LIMIT 1 [ RunTime:0.000526s ]
[ sql ] [ SQL ] SELECT * FROM `operation` WHERE  `id` = 404 LIMIT 1 [ RunTime:0.000492s ]
[ sql ] [ SQL ] SELECT * FROM `operation` WHERE  `id` = 2 LIMIT 1 [ RunTime:0.000451s ]
[ sql ] [ SQL ] SELECT * FROM `operation` WHERE  `id` = 344 LIMIT 1 [ RunTime:0.000441s ]
[ sql ] [ SQL ] SELECT * FROM `operation` WHERE  `id` = 343 LIMIT 1 [ RunTime:0.000467s ]
[ sql ] [ SQL ] SELECT * FROM `operation` WHERE  `id` = 2 LIMIT 1 [ RunTime:0.000483s ]
[ sql ] [ SQL ] SELECT * FROM `operation` WHERE  `id` = 348 LIMIT 1 [ RunTime:0.000873s ]
[ sql ] [ SQL ] SELECT * FROM `operation` WHERE  `id` = 347 LIMIT 1 [ RunTime:0.000567s ]
[ sql ] [ SQL ] SELECT * FROM `operation` WHERE  `id` = 2 LIMIT 1 [ RunTime:0.000540s ]
[ sql ] [ SQL ] SELECT * FROM `operation` WHERE  `id` = 253 LIMIT 1 [ RunTime:0.000523s ]
[ sql ] [ SQL ] SELECT * FROM `operation` WHERE  `id` = 252 LIMIT 1 [ RunTime:0.000517s ]
[ sql ] [ SQL ] SELECT * FROM `operation` WHERE  `id` = 2 LIMIT 1 [ RunTime:0.000515s ]
[ sql ] [ SQL ] SELECT * FROM `operation` WHERE  `id` = 259 LIMIT 1 [ RunTime:0.000477s ]
[ sql ] [ SQL ] SELECT * FROM `operation` WHERE  `id` = 258 LIMIT 1 [ RunTime:0.000505s ]
[ sql ] [ SQL ] SELECT * FROM `operation` WHERE  `id` = 2 LIMIT 1 [ RunTime:0.000489s ]
[ sql ] [ SQL ] SELECT * FROM `operation` WHERE  `id` = 267 LIMIT 1 [ RunTime:0.000493s ]
[ sql ] [ SQL ] SELECT * FROM `operation` WHERE  `id` = 266 LIMIT 1 [ RunTime:0.000498s ]
[ sql ] [ SQL ] SELECT * FROM `operation` WHERE  `id` = 2 LIMIT 1 [ RunTime:0.000512s ]
[ sql ] [ SQL ] SELECT * FROM `operation` WHERE  `id` = 272 LIMIT 1 [ RunTime:0.000475s ]
[ sql ] [ SQL ] SELECT * FROM `operation` WHERE  `id` = 271 LIMIT 1 [ RunTime:0.000505s ]
[ sql ] [ SQL ] SELECT * FROM `operation` WHERE  `id` = 2 LIMIT 1 [ RunTime:0.000508s ]
[ sql ] [ SQL ] SELECT * FROM `operation` WHERE  `id` = 278 LIMIT 1 [ RunTime:0.000471s ]
[ sql ] [ SQL ] SELECT * FROM `operation` WHERE  `id` = 277 LIMIT 1 [ RunTime:0.000529s ]
[ sql ] [ SQL ] SELECT * FROM `operation` WHERE  `id` = 2 LIMIT 1 [ RunTime:0.000809s ]
[ sql ] [ SQL ] SELECT * FROM `operation` WHERE  `id` = 448 LIMIT 1 [ RunTime:0.000500s ]
[ sql ] [ SQL ] SELECT * FROM `operation` WHERE  `id` = 447 LIMIT 1 [ RunTime:0.000461s ]
[ sql ] [ SQL ] SELECT * FROM `operation` WHERE  `id` = 2 LIMIT 1 [ RunTime:0.000499s ]
[ sql ] [ SQL ] SELECT * FROM `operation` WHERE  `id` = 357 LIMIT 1 [ RunTime:0.000505s ]
[ sql ] [ SQL ] SELECT * FROM `operation` WHERE  `id` = 356 LIMIT 1 [ RunTime:0.000471s ]
[ sql ] [ SQL ] SELECT * FROM `operation` WHERE  `id` = 2 LIMIT 1 [ RunTime:0.000493s ]
[ sql ] [ SQL ] SELECT * FROM `operation` WHERE  `id` = 361 LIMIT 1 [ RunTime:0.000582s ]
[ sql ] [ SQL ] SELECT * FROM `operation` WHERE  `id` = 356 LIMIT 1 [ RunTime:0.000585s ]
[ sql ] [ SQL ] SELECT * FROM `operation` WHERE  `id` = 2 LIMIT 1 [ RunTime:0.000498s ]
[ sql ] [ SQL ] SELECT * FROM `operation` WHERE  `id` = 400 LIMIT 1 [ RunTime:0.000465s ]
[ sql ] [ SQL ] SELECT * FROM `operation` WHERE  `id` = 399 LIMIT 1 [ RunTime:0.000494s ]
[ sql ] [ SQL ] SELECT * FROM `operation` WHERE  `id` = 2 LIMIT 1 [ RunTime:0.000504s ]
[ sql ] [ SQL ] SELECT * FROM `operation` WHERE  `id` = 460 LIMIT 1 [ RunTime:0.000481s ]
[ sql ] [ SQL ] SELECT * FROM `operation` WHERE  `id` = 431 LIMIT 1 [ RunTime:0.000492s ]
[ sql ] [ SQL ] SELECT * FROM `operation` WHERE  `id` = 2 LIMIT 1 [ RunTime:0.000443s ]
[ sql ] [ SQL ] SELECT * FROM `operation` WHERE  `id` = 352 LIMIT 1 [ RunTime:0.000685s ]
[ sql ] [ SQL ] SELECT * FROM `operation` WHERE  `id` = 351 LIMIT 1 [ RunTime:0.000509s ]
[ sql ] [ SQL ] SELECT * FROM `operation` WHERE  `id` = 2 LIMIT 1 [ RunTime:0.000550s ]
[ sql ] [ SQL ] SELECT * FROM `operation` WHERE  `id` = 432 LIMIT 1 [ RunTime:0.000578s ]
[ sql ] [ SQL ] SELECT * FROM `operation` WHERE  `id` = 431 LIMIT 1 [ RunTime:0.000459s ]
[ sql ] [ SQL ] SELECT * FROM `operation` WHERE  `id` = 2 LIMIT 1 [ RunTime:0.000492s ]
[ sql ] [ SQL ] SELECT * FROM `operation` WHERE  `id` = 245 LIMIT 1 [ RunTime:0.000472s ]
[ sql ] [ SQL ] SELECT * FROM `operation` WHERE  `id` = 244 LIMIT 1 [ RunTime:0.000519s ]
[ sql ] [ SQL ] SELECT * FROM `operation` WHERE  `id` = 2 LIMIT 1 [ RunTime:0.000487s ]
[ sql ] [ SQL ] SELECT * FROM `operation` WHERE  `id` = 247 LIMIT 1 [ RunTime:0.000537s ]
[ sql ] [ SQL ] SELECT * FROM `operation` WHERE  `id` = 246 LIMIT 1 [ RunTime:0.000489s ]
[ sql ] [ SQL ] SELECT * FROM `operation` WHERE  `id` = 2 LIMIT 1 [ RunTime:0.000476s ]
[ sql ] [ SQL ] SELECT * FROM `operation` WHERE  `id` = 336 LIMIT 1 [ RunTime:0.000489s ]
[ sql ] [ SQL ] SELECT * FROM `operation` WHERE  `id` = 335 LIMIT 1 [ RunTime:0.000488s ]
[ sql ] [ SQL ] SELECT * FROM `operation` WHERE  `id` = 2 LIMIT 1 [ RunTime:0.000547s ]
[ sql ] [ SQL ] SELECT * FROM `operation` WHERE  `id` = 409 LIMIT 1 [ RunTime:0.000532s ]
[ sql ] [ SQL ] SELECT * FROM `operation` WHERE  `id` = 408 LIMIT 1 [ RunTime:0.000686s ]
[ sql ] [ SQL ] SELECT * FROM `operation` WHERE  `id` = 2 LIMIT 1 [ RunTime:0.000565s ]
[ sql ] [ SQL ] SELECT * FROM `operation` WHERE  `id` = 393 LIMIT 1 [ RunTime:0.000445s ]
[ sql ] [ SQL ] SELECT * FROM `operation` WHERE  `id` = 392 LIMIT 1 [ RunTime:0.000462s ]
[ sql ] [ SQL ] SELECT * FROM `operation` WHERE  `id` = 2 LIMIT 1 [ RunTime:0.000491s ]
[ sql ] [ SQL ] SELECT * FROM `operation` WHERE  `id` = 391 LIMIT 1 [ RunTime:0.000462s ]
[ sql ] [ SQL ] SELECT * FROM `operation` WHERE  `id` = 390 LIMIT 1 [ RunTime:0.000491s ]
[ sql ] [ SQL ] SELECT * FROM `operation` WHERE  `id` = 2 LIMIT 1 [ RunTime:0.000450s ]
[ sql ] [ SQL ] SELECT * FROM `operation` WHERE  `id` = 435 LIMIT 1 [ RunTime:0.000488s ]
[ sql ] [ SQL ] SELECT * FROM `operation` WHERE  `id` = 434 LIMIT 1 [ RunTime:0.000486s ]
[ sql ] [ SQL ] SELECT * FROM `operation` WHERE  `id` = 2 LIMIT 1 [ RunTime:0.000505s ]
[ sql ] [ SQL ] SELECT * FROM `operation` WHERE  `id` = 372 LIMIT 1 [ RunTime:0.000431s ]
[ sql ] [ SQL ] SELECT * FROM `operation` WHERE  `id` = 371 LIMIT 1 [ RunTime:0.000596s ]
[ sql ] [ SQL ] SELECT * FROM `operation` WHERE  `id` = 2 LIMIT 1 [ RunTime:0.000490s ]
[ sql ] [ SQL ] SELECT * FROM `operation` WHERE  `id` = 373 LIMIT 1 [ RunTime:0.000459s ]
[ sql ] [ SQL ] SELECT * FROM `operation` WHERE  `id` = 371 LIMIT 1 [ RunTime:0.000488s ]
[ sql ] [ SQL ] SELECT * FROM `operation` WHERE  `id` = 2 LIMIT 1 [ RunTime:0.000461s ]
[ sql ] [ SQL ] SELECT * FROM `operation` WHERE  `id` = 374 LIMIT 1 [ RunTime:0.000795s ]
[ sql ] [ SQL ] SELECT * FROM `operation` WHERE  `id` = 371 LIMIT 1 [ RunTime:0.000480s ]
[ sql ] [ SQL ] SELECT * FROM `operation` WHERE  `id` = 2 LIMIT 1 [ RunTime:0.000469s ]
[ sql ] [ SQL ] SELECT * FROM `operation` WHERE  `id` = 366 LIMIT 1 [ RunTime:0.000464s ]
[ sql ] [ SQL ] SELECT * FROM `operation` WHERE  `id` = 365 LIMIT 1 [ RunTime:0.000645s ]
[ sql ] [ SQL ] SELECT * FROM `operation` WHERE  `id` = 2 LIMIT 1 [ RunTime:0.000501s ]
[ error ] [8]未定义变量: store_type[/Users/apple/W/jshop_b2c/runtime/temp/262a764ce997ca9d4b8c49fe36e557f3.php:78]
[ error ] [8]未定义变量: store_type[/Users/apple/W/jshop_b2c/runtime/temp/262a764ce997ca9d4b8c49fe36e557f3.php:443]
---------------------------------------------------------------
[2018-07-24T18:30:46+08:00] 127.0.0.1 GET /seller/user/userloglist/state/1.html
[ info ] www.jb2c.com/seller/user/userloglist/state/1.html [运行时间：0.195426s][吞吐率：5.12req/s] [内存消耗：1,423.61kb] [文件加载：90]
[ info ] [ SESSION ] INIT array (
  'id' => '',
  'var_session_id' => '',
  'prefix' => 'jshop',
  'type' => '',
  'auto_start' => true,
  'httponly' => true,
  'secure' => false,
)
[ info ] [ BEHAVIOR ] Run Closure @app_init [ RunTime:0.093368s ]
[ info ] [ LANG ] /Users/apple/W/jshop_b2c/thinkphp/lang/zh-cn.php
[ info ] [ ROUTE ] array (
)
[ info ] [ HEADER ] array (
  'host' => 'www.jb2c.com',
  'connection' => 'keep-alive',
  'accept' => '*/*',
  'x-requested-with' => 'XMLHttpRequest',
  'user-agent' => 'Mozilla/5.0 (Macintosh; Intel Mac OS X 10_13_5) AppleWebKit/537.36 (KHTML, like Gecko) Chrome/67.0.3396.99 Safari/537.36',
  'referer' => 'http://www.jb2c.com/manage/index/index.html',
  'accept-encoding' => 'gzip, deflate',
  'accept-language' => 'zh-CN,zh;q=0.9,en;q=0.8',
  'cookie' => 'PHPSESSID=8eed70516fb48d4959511065b4972630; redirect_url=%2Fseller%2Foperation_log%2Fgetlastlog.html',
)
[ info ] [ PARAM ] array (
)
[ info ] [ LOG ] INIT file
---------------------------------------------------------------
[2018-07-24T18:30:46+08:00] 127.0.0.1 GET /seller/operation_log/getlastlog.html
[ info ] www.jb2c.com/seller/operation_log/getlastlog.html [运行时间：0.185844s][吞吐率：5.38req/s] [内存消耗：1,390.66kb] [文件加载：90]
[ info ] [ SESSION ] INIT array (
  'id' => '',
  'var_session_id' => '',
  'prefix' => 'jshop',
  'type' => '',
  'auto_start' => true,
  'httponly' => true,
  'secure' => false,
)
[ info ] [ BEHAVIOR ] Run Closure @app_init [ RunTime:0.063321s ]
[ info ] [ LANG ] /Users/apple/W/jshop_b2c/thinkphp/lang/zh-cn.php
[ info ] [ ROUTE ] array (
)
[ info ] [ HEADER ] array (
  'host' => 'www.jb2c.com',
  'connection' => 'keep-alive',
  'accept' => 'application/json, text/javascript, */*; q=0.01',
  'x-requested-with' => 'XMLHttpRequest',
  'user-agent' => 'Mozilla/5.0 (Macintosh; Intel Mac OS X 10_13_5) AppleWebKit/537.36 (KHTML, like Gecko) Chrome/67.0.3396.99 Safari/537.36',
  'referer' => 'http://www.jb2c.com/manage/index/index.html',
  'accept-encoding' => 'gzip, deflate',
  'accept-language' => 'zh-CN,zh;q=0.9,en;q=0.8',
  'cookie' => 'PHPSESSID=8eed70516fb48d4959511065b4972630; redirect_url=%2Fseller%2Foperation_log%2Fgetlastlog.html',
)
[ info ] [ PARAM ] array (
)
[ info ] [ LOG ] INIT file
---------------------------------------------------------------
[2018-07-24T18:30:47+08:00] 127.0.0.1 GET /b2c/common/login.html
[ info ] www.jb2c.com/b2c/common/login.html [运行时间：0.106058s][吞吐率：9.43req/s] [内存消耗：1,710.65kb] [文件加载：94]
[ info ] [ SESSION ] INIT array (
  'id' => '',
  'var_session_id' => '',
  'prefix' => 'jshop',
  'type' => '',
  'auto_start' => true,
  'httponly' => true,
  'secure' => false,
)
[ info ] [ BEHAVIOR ] Run Closure @app_init [ RunTime:0.043352s ]
[ info ] [ LANG ] /Users/apple/W/jshop_b2c/thinkphp/lang/zh-cn.php
[ info ] [ ROUTE ] array (
)
[ info ] [ HEADER ] array (
  'host' => 'www.jb2c.com',
  'connection' => 'keep-alive',
  'accept' => '*/*',
  'x-requested-with' => 'XMLHttpRequest',
  'user-agent' => 'Mozilla/5.0 (Macintosh; Intel Mac OS X 10_13_5) AppleWebKit/537.36 (KHTML, like Gecko) Chrome/67.0.3396.99 Safari/537.36',
  'referer' => 'http://www.jb2c.com/manage/index/index.html',
  'accept-encoding' => 'gzip, deflate',
  'accept-language' => 'zh-CN,zh;q=0.9,en;q=0.8',
  'cookie' => 'PHPSESSID=8eed70516fb48d4959511065b4972630; redirect_url=%2Fseller%2Fuser%2Fuserloglist%2Fstate%2F1.html',
)
[ info ] [ PARAM ] array (
)
[ info ] [ CACHE ] INIT File
[ info ] [ BEHAVIOR ] Run Closure @action_begin [ RunTime:0.003581s ]
[ info ] [ VIEW ] /Users/apple/W/jshop_b2c/application/b2c/view/common/login.html [ array (
  0 => 'params',
) ]
[ info ] [ LOG ] INIT file
---------------------------------------------------------------
[2018-07-24T18:30:47+08:00] 127.0.0.1 GET /b2c/common/login.html
[ info ] www.jb2c.com/b2c/common/login.html [运行时间：0.043140s][吞吐率：23.18req/s] [内存消耗：1,465.97kb] [文件加载：91]
[ info ] [ SESSION ] INIT array (
  'id' => '',
  'var_session_id' => '',
  'prefix' => 'jshop',
  'type' => '',
  'auto_start' => true,
  'httponly' => true,
  'secure' => false,
)
[ info ] [ BEHAVIOR ] Run Closure @app_init [ RunTime:0.007522s ]
[ info ] [ LANG ] /Users/apple/W/jshop_b2c/thinkphp/lang/zh-cn.php
[ info ] [ ROUTE ] array (
)
[ info ] [ HEADER ] array (
  'host' => 'www.jb2c.com',
  'connection' => 'keep-alive',
  'accept' => 'application/json, text/javascript, */*; q=0.01',
  'x-requested-with' => 'XMLHttpRequest',
  'user-agent' => 'Mozilla/5.0 (Macintosh; Intel Mac OS X 10_13_5) AppleWebKit/537.36 (KHTML, like Gecko) Chrome/67.0.3396.99 Safari/537.36',
  'referer' => 'http://www.jb2c.com/manage/index/index.html',
  'accept-encoding' => 'gzip, deflate',
  'accept-language' => 'zh-CN,zh;q=0.9,en;q=0.8',
  'cookie' => 'PHPSESSID=8eed70516fb48d4959511065b4972630; redirect_url=%2Fseller%2Foperation_log%2Fgetlastlog.html',
)
[ info ] [ PARAM ] array (
)
[ info ] [ CACHE ] INIT File
[ info ] [ BEHAVIOR ] Run Closure @action_begin [ RunTime:0.003462s ]
[ info ] [ VIEW ] /Users/apple/W/jshop_b2c/application/b2c/view/common/login.html [ array (
  0 => 'params',
) ]
[ info ] [ LOG ] INIT file
---------------------------------------------------------------
[2018-07-24T18:30:47+08:00] 127.0.0.1 GET /manage/order/statistics.html
[ info ] www.jb2c.com/manage/order/statistics.html [运行时间：0.574263s][吞吐率：1.74req/s] [内存消耗：3,691.70kb] [文件加载：110]
[ info ] [ SESSION ] INIT array (
  'id' => '',
  'var_session_id' => '',
  'prefix' => 'jshop',
  'type' => '',
  'auto_start' => true,
  'httponly' => true,
  'secure' => false,
)
[ info ] [ BEHAVIOR ] Run Closure @app_init [ RunTime:0.020156s ]
[ info ] [ LANG ] /Users/apple/W/jshop_b2c/thinkphp/lang/zh-cn.php
[ info ] [ ROUTE ] array (
)
[ info ] [ HEADER ] array (
  'host' => 'www.jb2c.com',
  'connection' => 'keep-alive',
  'accept' => '*/*',
  'x-requested-with' => 'XMLHttpRequest',
  'user-agent' => 'Mozilla/5.0 (Macintosh; Intel Mac OS X 10_13_5) AppleWebKit/537.36 (KHTML, like Gecko) Chrome/67.0.3396.99 Safari/537.36',
  'referer' => 'http://www.jb2c.com/manage/index/index.html',
  'accept-encoding' => 'gzip, deflate',
  'accept-language' => 'zh-CN,zh;q=0.9,en;q=0.8',
  'cookie' => 'PHPSESSID=8eed70516fb48d4959511065b4972630; redirect_url=%2Fseller%2Foperation_log%2Fgetlastlog.html',
)
[ info ] [ PARAM ] array (
)
[ info ] [ DB ] INIT mysql
[ info ] [ CACHE ] INIT File
[ info ] [ BEHAVIOR ] Run Closure @action_begin [ RunTime:0.010618s ]
[ info ] [ LOG ] INIT file
[ sql ] [ DB ] CONNECT:[ UseTime:0.001706s ] mysql:host=127.0.0.1;dbname=jshop_b2c;charset=utf8
[ sql ] [ SQL ] SHOW COLUMNS FROM `operation` [ RunTime:0.018287s ]
[ sql ] [ SQL ] SELECT * FROM `operation` WHERE  `code` = 'Order'  AND `type` = 'c'  AND `parent_id` = 2 LIMIT 1 [ RunTime:0.003313s ]
[ sql ] [ SQL ] SELECT * FROM `operation` WHERE  `code` = 'statistics'  AND `type` = 'a'  AND `parent_id` = 296 LIMIT 1 [ RunTime:0.000842s ]
[ sql ] [ SQL ] SELECT * FROM `operation` WHERE  `code` = 'Order'  AND `type` = 'c'  AND `parent_id` = 2 LIMIT 1 [ RunTime:0.004009s ]
[ sql ] [ SQL ] SELECT * FROM `operation` WHERE  `code` = 'statistics'  AND `type` = 'a'  AND `parent_id` = 296 LIMIT 1 [ RunTime:0.008829s ]
[ sql ] [ SQL ] SELECT * FROM `operation` WHERE  `perm_type` = 1 ORDER BY sort asc [ RunTime:0.002773s ]
[ sql ] [ SQL ] SELECT DATE_FORMAT(from_unixtime(ctime),"%Y-%m-%d") as day, count(*) as nums FROM bill_payments WHERE from_unixtime(ctime) >= "2018-07-17" AND `seller_id` = 0 AND `status` = 2 AND `type` = 1 GROUP BY DATE_FORMAT(from_unixtime(ctime),"%Y-%m-%d") [ RunTime:0.000925s ]
[ sql ] [ SQL ] SELECT DATE_FORMAT(from_unixtime(ctime),"%Y-%m-%d") as day, count(*) as nums FROM bill_delivery WHERE from_unixtime(ctime) >= "2018-07-17" AND `seller_id` = 0 GROUP BY DATE_FORMAT(from_unixtime(ctime),"%Y-%m-%d") [ RunTime:0.000752s ]
---------------------------------------------------------------
[2018-07-24T18:30:47+08:00] 127.0.0.1 GET /manage/backstage_notice/show.html?_ajax=1&limit=5
[ info ] www.jb2c.com/manage/backstage_notice/show.html?_ajax=1&limit=5 [运行时间：0.594635s][吞吐率：1.68req/s] [内存消耗：3,716.21kb] [文件加载：112]
[ info ] [ SESSION ] INIT array (
  'id' => '',
  'var_session_id' => '',
  'prefix' => 'jshop',
  'type' => '',
  'auto_start' => true,
  'httponly' => true,
  'secure' => false,
)
[ info ] [ BEHAVIOR ] Run Closure @app_init [ RunTime:0.100444s ]
[ info ] [ LANG ] /Users/apple/W/jshop_b2c/thinkphp/lang/zh-cn.php
[ info ] [ ROUTE ] array (
)
[ info ] [ HEADER ] array (
  'host' => 'www.jb2c.com',
  'connection' => 'keep-alive',
  'accept' => '*/*',
  'x-requested-with' => 'XMLHttpRequest',
  'user-agent' => 'Mozilla/5.0 (Macintosh; Intel Mac OS X 10_13_5) AppleWebKit/537.36 (KHTML, like Gecko) Chrome/67.0.3396.99 Safari/537.36',
  'referer' => 'http://www.jb2c.com/manage/index/index.html',
  'accept-encoding' => 'gzip, deflate',
  'accept-language' => 'zh-CN,zh;q=0.9,en;q=0.8',
  'cookie' => 'PHPSESSID=8eed70516fb48d4959511065b4972630; redirect_url=%2Fseller%2Foperation_log%2Fgetlastlog.html',
)
[ info ] [ PARAM ] array (
  '_ajax' => '1',
  'limit' => '5',
)
[ info ] [ DB ] INIT mysql
[ info ] [ CACHE ] INIT File
[ info ] [ BEHAVIOR ] Run Closure @action_begin [ RunTime:0.003746s ]
[ info ] [ LOG ] INIT file
[ sql ] [ DB ] CONNECT:[ UseTime:0.001222s ] mysql:host=127.0.0.1;dbname=jshop_b2c;charset=utf8
[ sql ] [ SQL ] SHOW COLUMNS FROM `operation` [ RunTime:0.004696s ]
[ sql ] [ SQL ] SELECT * FROM `operation` WHERE  `code` = 'BackstageNotice'  AND `type` = 'c'  AND `parent_id` = 2 LIMIT 1 [ RunTime:0.001179s ]
[ sql ] [ SQL ] SELECT * FROM `operation` WHERE  `code` = 'show'  AND `type` = 'a'  AND `parent_id` = 447 LIMIT 1 [ RunTime:0.002759s ]
[ sql ] [ SQL ] SELECT * FROM `operation` WHERE  `code` = 'BackstageNotice'  AND `type` = 'c'  AND `parent_id` = 2 LIMIT 1 [ RunTime:0.000858s ]
[ sql ] [ SQL ] SELECT * FROM `operation` WHERE  `code` = 'show'  AND `type` = 'a'  AND `parent_id` = 447 LIMIT 1 [ RunTime:0.000840s ]
[ sql ] [ SQL ] SELECT * FROM `operation` WHERE  `perm_type` = 1 ORDER BY sort asc [ RunTime:0.002071s ]
[ sql ] [ SQL ] SHOW COLUMNS FROM `backstage_notice` [ RunTime:0.010875s ]
[ sql ] [ SQL ] SELECT COUNT(*) AS tp_count FROM `backstage_notice` WHERE (  `is_pub` = 1 ) AND `backstage_notice`.`isdel` IS NULL LIMIT 1 [ RunTime:0.000549s ]
[ sql ] [ SQL ] SELECT * FROM `backstage_notice` WHERE (  `is_pub` = 1 ) AND `backstage_notice`.`isdel` IS NULL ORDER BY utime DESC LIMIT 0,5 [ RunTime:0.000979s ]
---------------------------------------------------------------
[2018-07-24T18:30:47+08:00] 127.0.0.1 GET /manage/user/statistics.html
[ info ] www.jb2c.com/manage/user/statistics.html [运行时间：0.512283s][吞吐率：1.95req/s] [内存消耗：3,524.38kb] [文件加载：109]
[ info ] [ SESSION ] INIT array (
  'id' => '',
  'var_session_id' => '',
  'prefix' => 'jshop',
  'type' => '',
  'auto_start' => true,
  'httponly' => true,
  'secure' => false,
)
[ info ] [ BEHAVIOR ] Run Closure @app_init [ RunTime:0.019666s ]
[ info ] [ LANG ] /Users/apple/W/jshop_b2c/thinkphp/lang/zh-cn.php
[ info ] [ ROUTE ] array (
)
[ info ] [ HEADER ] array (
  'host' => 'www.jb2c.com',
  'connection' => 'keep-alive',
  'accept' => '*/*',
  'x-requested-with' => 'XMLHttpRequest',
  'user-agent' => 'Mozilla/5.0 (Macintosh; Intel Mac OS X 10_13_5) AppleWebKit/537.36 (KHTML, like Gecko) Chrome/67.0.3396.99 Safari/537.36',
  'referer' => 'http://www.jb2c.com/manage/index/index.html',
  'accept-encoding' => 'gzip, deflate',
  'accept-language' => 'zh-CN,zh;q=0.9,en;q=0.8',
  'cookie' => 'PHPSESSID=8eed70516fb48d4959511065b4972630; redirect_url=%2Fseller%2Foperation_log%2Fgetlastlog.html',
)
[ info ] [ PARAM ] array (
)
[ info ] [ DB ] INIT mysql
[ info ] [ CACHE ] INIT File
[ info ] [ BEHAVIOR ] Run Closure @action_begin [ RunTime:0.004013s ]
[ info ] [ LOG ] INIT file
[ sql ] [ DB ] CONNECT:[ UseTime:0.000522s ] mysql:host=127.0.0.1;dbname=jshop_b2c;charset=utf8
[ sql ] [ SQL ] SHOW COLUMNS FROM `operation` [ RunTime:0.018429s ]
[ sql ] [ SQL ] SELECT * FROM `operation` WHERE  `code` = 'User'  AND `type` = 'c'  AND `parent_id` = 2 LIMIT 1 [ RunTime:0.001013s ]
[ sql ] [ SQL ] SELECT * FROM `operation` WHERE  `code` = 'statistics'  AND `type` = 'a'  AND `parent_id` = 238 LIMIT 1 [ RunTime:0.001365s ]
[ sql ] [ SQL ] SELECT * FROM `operation` WHERE  `code` = 'User'  AND `type` = 'c'  AND `parent_id` = 2 LIMIT 1 [ RunTime:0.000781s ]
[ sql ] [ SQL ] SELECT * FROM `operation` WHERE  `code` = 'statistics'  AND `type` = 'a'  AND `parent_id` = 238 LIMIT 1 [ RunTime:0.001060s ]
[ sql ] [ SQL ] SELECT * FROM `operation` WHERE  `perm_type` = 1 ORDER BY sort asc [ RunTime:0.003586s ]
[ sql ] [ SQL ] SHOW COLUMNS FROM `user_log` [ RunTime:0.005550s ]
[ sql ] [ SQL ] SELECT `state`,DATE_FORMAT(from_unixtime(ctime),"%Y-%m-%d") as day,count(*) as nums FROM `user_log` WHERE  `seller_id` = 0  AND `state` = 1  AND (  TIMESTAMPDIFF(DAY,from_unixtime(ctime),now()) <7 ) GROUP BY DATE_FORMAT(from_unixtime(ctime),"%Y-%m-%d") [ RunTime:0.002547s ]
[ sql ] [ SQL ] SELECT `state`,DATE_FORMAT(from_unixtime(ctime),"%Y-%m-%d") as day,count(*) as nums FROM `user_log` WHERE  `seller_id` = 0  AND `state` = 3  AND (  TIMESTAMPDIFF(DAY,from_unixtime(ctime),now()) <7 ) GROUP BY DATE_FORMAT(from_unixtime(ctime),"%Y-%m-%d") [ RunTime:0.000942s ]
